#! /usr/bin/vvp
:ivl_version "12.0 (stable)" "(v12_0-dirty)";
:ivl_delay_selection "TYPICAL";
:vpi_time_precision + 0;
:vpi_module "/usr/lib/ivl/system.vpi";
:vpi_module "/usr/lib/ivl/vhdl_sys.vpi";
:vpi_module "/usr/lib/ivl/vhdl_textio.vpi";
:vpi_module "/usr/lib/ivl/v2005_math.vpi";
:vpi_module "/usr/lib/ivl/va_math.vpi";
:vpi_module "/usr/lib/ivl/v2009.vpi";
S_0x62a6582d0bb0 .scope package, "$unit" "$unit" 2 1;
 .timescale 0 0;
S_0x62a6582ac760 .scope module, "hello" "hello" 3 1;
 .timescale 0 0;
    .scope S_0x62a6582ac760;
T_0 ;
    %vpi_call/w 3 4 "$display", "Hello, World" {0 0 0};
    %vpi_call/w 3 5 "$finish" {0 0 0};
    %end;
    .thread T_0;
# The file index is used to find the file name in the following table.
:file_names 4;
    "N/A";
    "<interactive>";
    "-";
    "V/hello_world.v";
